ERROR    trio.async_generator_errors:_asyncgens.py:206 Exception ignored during finalization of async generator 'firebolt.client.auth.base.Auth.async_auth_flow' -- surround your use of the generator in 'async with aclosing(...):' to raise exceptions like this in the context where they're generated
Traceback (most recent call last):
  File "/home/runner/work/firebolt-python-sdk/firebolt-python-sdk/src/firebolt/client/auth/base.py", line 157, in async_auth_flow
    response = yield request
GeneratorExit

During handling of the above exception, another exception occurred:

Traceback (most recent call last):
  File "/opt/hostedtoolcache/Python/3.8.18/x64/lib/python3.8/site-packages/trio/_core/_asyncgens.py", line 204, in _finalize_one
    await agen.aclose()
  File "/home/runner/work/firebolt-python-sdk/firebolt-python-sdk/src/firebolt/client/auth/base.py", line 157, in async_auth_flow
    response = yield request
  File "/opt/hostedtoolcache/Python/3.8.18/x64/lib/python3.8/site-packages/anyio/_core/_synchronization.py", line 154, in __aexit__
    self.release()
  File "/opt/hostedtoolcache/Python/3.8.18/x64/lib/python3.8/site-packages/anyio/_core/_synchronization.py", line 203, in release
    raise RuntimeError("The current task is not holding this lock")
RuntimeError: The current task is not holding this lock