{
  "uid" : "84dbc29fac023c6a",
  "name" : "test_use_database",
  "fullName" : "tests.integration.dbapi.async.V2.test_queries_async#test_use_database",
  "historyId" : "ad321d245a22d3c65fbebaed774482cf",
  "time" : {
    "start" : 1716388051365,
    "stop" : 1716388052965,
    "duration" : 1600
  },
  "status" : "skipped",
  "statusMessage" : "XFAIL Only works on dev\n\nexceptiongroup.ExceptionGroup: Exceptions from Trio nursery (1 sub-exception)",
  "statusTrace" : "+ Exception Group Traceback (most recent call last):\n  |   File \"/opt/hostedtoolcache/Python/3.8.18/x64/lib/python3.8/site-packages/trio/_core/_run.py\", line 963, in __aexit__\n  |     raise combined_error_from_nursery\n  | exceptiongroup.ExceptionGroup: Exceptions from Trio nursery (1 sub-exception)\n  +-+---------------- 1 ----------------\n    | Traceback (most recent call last):\n    |   File \"/opt/hostedtoolcache/Python/3.8.18/x64/lib/python3.8/site-packages/pytest_trio/plugin.py\", line 195, in _fixture_manager\n    |     yield nursery_fixture\n    |   File \"/opt/hostedtoolcache/Python/3.8.18/x64/lib/python3.8/site-packages/pytest_trio/plugin.py\", line 250, in run\n    |     await self._func(**resolved_kwargs)\n    |   File \"/home/runner/work/firebolt-python-sdk/firebolt-python-sdk/tests/integration/dbapi/async/V2/test_queries_async.py\", line 364, in test_use_database\n    |     await c.execute(f\"USE DATABASE {setup_v2_db}\")\n    |   File \"/opt/hostedtoolcache/Python/3.8.18/x64/lib/python3.8/site-packages/firebolt/async_db/cursor.py\", line 239, in execute\n    |     await self._do_execute(query, params_list, skip_parsing)\n    |   File \"/opt/hostedtoolcache/Python/3.8.18/x64/lib/python3.8/site-packages/firebolt/async_db/cursor.py\", line 188, in _do_execute\n    |     await self._raise_if_error(resp)\n    |   File \"/opt/hostedtoolcache/Python/3.8.18/x64/lib/python3.8/site-packages/firebolt/async_db/cursor.py\", line 105, in _raise_if_error\n    |     raise OperationalError(\n    | firebolt.utils.exception.OperationalError: Error executing query:\n    | Database 'integration_testing__1716387855530_use_db_test_async28' does not exist or not authorized.\n    | \n    +------------------------------------",
  "flaky" : false,
  "newFailed" : false,
  "beforeStages" : [ {
    "name" : "database_name",
    "time" : {
      "start" : 1716388042011,
      "stop" : 1716388042011,
      "duration" : 0
    },
    "status" : "passed",
    "steps" : [ ],
    "attachments" : [ ],
    "parameters" : [ ],
    "stepsCount" : 0,
    "attachmentsCount" : 0,
    "shouldDisplayMessage" : false,
    "hasContent" : false
  }, {
    "name" : "account_name_v2",
    "time" : {
      "start" : 1716388051364,
      "stop" : 1716388051364,
      "duration" : 0
    },
    "status" : "passed",
    "steps" : [ ],
    "attachments" : [ ],
    "parameters" : [ ],
    "stepsCount" : 0,
    "attachmentsCount" : 0,
    "shouldDisplayMessage" : false,
    "hasContent" : false
  }, {
    "name" : "connection_system_engine_no_db",
    "time" : {
      "start" : 1716388051364,
      "stop" : 1716388051364,
      "duration" : 0
    },
    "status" : "passed",
    "steps" : [ ],
    "attachments" : [ ],
    "parameters" : [ ],
    "stepsCount" : 0,
    "attachmentsCount" : 0,
    "shouldDisplayMessage" : false,
    "hasContent" : false
  }, {
    "name" : "service_secret",
    "time" : {
      "start" : 1716388042012,
      "stop" : 1716388042012,
      "duration" : 0
    },
    "status" : "passed",
    "steps" : [ ],
    "attachments" : [ ],
    "parameters" : [ ],
    "stepsCount" : 0,
    "attachmentsCount" : 0,
    "shouldDisplayMessage" : false,
    "hasContent" : false
  }, {
    "name" : "setup_v2_db",
    "time" : {
      "start" : 1716388051364,
      "stop" : 1716388051364,
      "duration" : 0
    },
    "status" : "passed",
    "steps" : [ ],
    "attachments" : [ ],
    "parameters" : [ ],
    "stepsCount" : 0,
    "attachmentsCount" : 0,
    "shouldDisplayMessage" : false,
    "hasContent" : false
  }, {
    "name" : "connection_system_engine_v2",
    "time" : {
      "start" : 1716388051364,
      "stop" : 1716388051364,
      "duration" : 0
    },
    "status" : "passed",
    "steps" : [ ],
    "attachments" : [ ],
    "parameters" : [ ],
    "stepsCount" : 0,
    "attachmentsCount" : 0,
    "shouldDisplayMessage" : false,
    "hasContent" : false
  }, {
    "name" : "account_name",
    "time" : {
      "start" : 1716388042233,
      "stop" : 1716388042233,
      "duration" : 0
    },
    "status" : "passed",
    "steps" : [ ],
    "attachments" : [ ],
    "parameters" : [ ],
    "stepsCount" : 0,
    "attachmentsCount" : 0,
    "shouldDisplayMessage" : false,
    "hasContent" : false
  }, {
    "name" : "auth",
    "time" : {
      "start" : 1716388042012,
      "stop" : 1716388042233,
      "duration" : 221
    },
    "status" : "passed",
    "steps" : [ ],
    "attachments" : [ ],
    "parameters" : [ ],
    "stepsCount" : 0,
    "attachmentsCount" : 0,
    "shouldDisplayMessage" : false,
    "hasContent" : false
  }, {
    "name" : "service_id",
    "time" : {
      "start" : 1716388042012,
      "stop" : 1716388042012,
      "duration" : 0
    },
    "status" : "passed",
    "steps" : [ ],
    "attachments" : [ ],
    "parameters" : [ ],
    "stepsCount" : 0,
    "attachmentsCount" : 0,
    "shouldDisplayMessage" : false,
    "hasContent" : false
  }, {
    "name" : "use_db_name",
    "time" : {
      "start" : 1716388051363,
      "stop" : 1716388051363,
      "duration" : 0
    },
    "status" : "passed",
    "steps" : [ ],
    "attachments" : [ ],
    "parameters" : [ ],
    "stepsCount" : 0,
    "attachmentsCount" : 0,
    "shouldDisplayMessage" : false,
    "hasContent" : false
  }, {
    "name" : "api_endpoint",
    "time" : {
      "start" : 1716388042233,
      "stop" : 1716388042233,
      "duration" : 0
    },
    "status" : "passed",
    "steps" : [ ],
    "attachments" : [ ],
    "parameters" : [ ],
    "stepsCount" : 0,
    "attachmentsCount" : 0,
    "shouldDisplayMessage" : false,
    "hasContent" : false
  } ],
  "afterStages" : [ ],
  "labels" : [ {
    "name" : "tag",
    "value" : "@pytest.mark.xfail(True, reason='Only works on dev')"
  }, {
    "name" : "tag",
    "value" : "trio(run=<function run at 0x7f2dd45c4700>)"
  }, {
    "name" : "parentSuite",
    "value" : "tests.integration.dbapi.async.V2"
  }, {
    "name" : "suite",
    "value" : "test_queries_async"
  }, {
    "name" : "host",
    "value" : "fv-az2022-987"
  }, {
    "name" : "thread",
    "value" : "2471-MainThread"
  }, {
    "name" : "framework",
    "value" : "pytest"
  }, {
    "name" : "language",
    "value" : "cpython3"
  }, {
    "name" : "package",
    "value" : "tests.integration.dbapi.async.V2.test_queries_async"
  }, {
    "name" : "resultFormat",
    "value" : "allure2"
  } ],
  "parameters" : [ ],
  "links" : [ ],
  "hidden" : false,
  "retry" : false,
  "extra" : {
    "severity" : "normal",
    "retries" : [ ],
    "categories" : [ ],
    "tags" : [ "@pytest.mark.xfail(True, reason='Only works on dev')", "trio(run=<function run at 0x7f2dd45c4700>)" ]
  },
  "source" : "84dbc29fac023c6a.json",
  "parameterValues" : [ ]
}