{"uid":"ef5dd4f258dde213","name":"test_cursor_unknown_error_body_logging","fullName":"tests.unit.async_db.test_cursor#test_cursor_unknown_error_body_logging","historyId":"48f3567d1d24071e6e1f5261fb61e3c0","time":{"start":1733218691537,"stop":1733218691698,"duration":161},"status":"broken","statusMessage":"exceptiongroup.ExceptionGroup: Exceptions from Trio nursery (1 sub-exception)","statusTrace":"+ Exception Group Traceback (most recent call last):\n  |   File \"/opt/hostedtoolcache/Python/3.8.18/x64/lib/python3.8/site-packages/trio/_core/_run.py\", line 1039, in __aexit__\n  |     raise combined_error_from_nursery\n  | exceptiongroup.ExceptionGroup: Exceptions from Trio nursery (1 sub-exception)\n  +-+---------------- 1 ----------------\n    | Traceback (most recent call last):\n    |   File \"/opt/hostedtoolcache/Python/3.8.18/x64/lib/python3.8/site-packages/pytest_trio/plugin.py\", line 195, in _fixture_manager\n    |     yield nursery_fixture\n    |   File \"/opt/hostedtoolcache/Python/3.8.18/x64/lib/python3.8/site-packages/pytest_trio/plugin.py\", line 250, in run\n    |     await self._func(**resolved_kwargs)\n    |   File \"/home/runner/work/firebolt-python-sdk/firebolt-python-sdk/tests/unit/async_db/test_cursor.py\", line 607, in test_cursor_unknown_error_body_logging\n    |     assert actual_error_body in caplog.text\n    |   File \"/opt/hostedtoolcache/Python/3.8.18/x64/lib/python3.8/site-packages/_pytest/logging.py\", line 408, in text\n    |     return _remove_ansi_escape_sequences(self.handler.stream.getvalue())\n    |   File \"/opt/hostedtoolcache/Python/3.8.18/x64/lib/python3.8/site-packages/_pytest/logging.py\", line 388, in handler\n    |     return self._item.stash[caplog_handler_key]\n    |   File \"/opt/hostedtoolcache/Python/3.8.18/x64/lib/python3.8/site-packages/_pytest/stash.py\", line 80, in __getitem__\n    |     return cast(T, self._storage[key])\n    | KeyError: <_pytest.stash.StashKey object at 0x7f4a5c0ee2e0>\n    +------------------------------------","flaky":false,"newFailed":false,"newBroken":false,"newPassed":false,"retriesCount":0,"retriesStatusChange":false,"beforeStages":[{"name":"clear_cache","time":{"start":1733218691430,"stop":1733218691430,"duration":0},"status":"passed","steps":[],"attachments":[],"parameters":[],"shouldDisplayMessage":false,"stepsCount":0,"attachmentsCount":0,"hasContent":false,"attachmentStep":false},{"name":"global_fake_fs","time":{"start":1733218691431,"stop":1733218691433,"duration":2},"status":"passed","steps":[],"attachments":[],"parameters":[],"shouldDisplayMessage":false,"stepsCount":0,"attachmentsCount":0,"hasContent":false,"attachmentStep":false}],"testStage":{"status":"broken","statusMessage":"exceptiongroup.ExceptionGroup: Exceptions from Trio nursery (1 sub-exception)","statusTrace":"+ Exception Group Traceback (most recent call last):\n  |   File \"/opt/hostedtoolcache/Python/3.8.18/x64/lib/python3.8/site-packages/trio/_core/_run.py\", line 1039, in __aexit__\n  |     raise combined_error_from_nursery\n  | exceptiongroup.ExceptionGroup: Exceptions from Trio nursery (1 sub-exception)\n  +-+---------------- 1 ----------------\n    | Traceback (most recent call last):\n    |   File \"/opt/hostedtoolcache/Python/3.8.18/x64/lib/python3.8/site-packages/pytest_trio/plugin.py\", line 195, in _fixture_manager\n    |     yield nursery_fixture\n    |   File \"/opt/hostedtoolcache/Python/3.8.18/x64/lib/python3.8/site-packages/pytest_trio/plugin.py\", line 250, in run\n    |     await self._func(**resolved_kwargs)\n    |   File \"/home/runner/work/firebolt-python-sdk/firebolt-python-sdk/tests/unit/async_db/test_cursor.py\", line 607, in test_cursor_unknown_error_body_logging\n    |     assert actual_error_body in caplog.text\n    |   File \"/opt/hostedtoolcache/Python/3.8.18/x64/lib/python3.8/site-packages/_pytest/logging.py\", line 408, in text\n    |     return _remove_ansi_escape_sequences(self.handler.stream.getvalue())\n    |   File \"/opt/hostedtoolcache/Python/3.8.18/x64/lib/python3.8/site-packages/_pytest/logging.py\", line 388, in handler\n    |     return self._item.stash[caplog_handler_key]\n    |   File \"/opt/hostedtoolcache/Python/3.8.18/x64/lib/python3.8/site-packages/_pytest/stash.py\", line 80, in __getitem__\n    |     return cast(T, self._storage[key])\n    | KeyError: <_pytest.stash.StashKey object at 0x7f4a5c0ee2e0>\n    +------------------------------------","steps":[],"attachments":[{"uid":"5c82f93bf9ff213e","name":"log","source":"5c82f93bf9ff213e.txt","type":"text/plain","size":87}],"parameters":[],"shouldDisplayMessage":true,"stepsCount":0,"attachmentsCount":1,"hasContent":true,"attachmentStep":false},"afterStages":[{"name":"global_fake_fs::0","time":{"start":1733218691735,"stop":1733218691735,"duration":0},"status":"passed","steps":[],"attachments":[],"parameters":[],"shouldDisplayMessage":false,"stepsCount":0,"attachmentsCount":0,"hasContent":false,"attachmentStep":false}],"labels":[{"name":"tag","value":"trio(run=<function run at 0x7f4a5b724e50>)"},{"name":"parentSuite","value":"tests.unit.async_db"},{"name":"suite","value":"test_cursor"},{"name":"host","value":"fv-az530-228"},{"name":"thread","value":"2166-MainThread"},{"name":"framework","value":"pytest"},{"name":"language","value":"cpython3"},{"name":"package","value":"tests.unit.async_db.test_cursor"},{"name":"resultFormat","value":"allure2"}],"parameters":[],"links":[],"hidden":false,"retry":false,"extra":{"severity":"normal","retries":[],"categories":[{"name":"Test defects","matchedStatuses":[],"flaky":false}],"tags":["trio(run=<function run at 0x7f4a5b724e50>)"]},"source":"ef5dd4f258dde213.json","parameterValues":[]}