{
  "uid" : "5874ac89ebdbbded",
  "name" : "test_format_value[abc-'\\\\x61\\\\x62\\\\x63']",
  "fullName" : "tests.unit.common.test_typing_format#test_format_value",
  "historyId" : "d8a360b08cc76965945a960c468895b6",
  "time" : {
    "start" : 1709725847338,
    "stop" : 1709725847340,
    "duration" : 2
  },
  "status" : "failed",
  "statusMessage" : "AssertionError: Invalid format_value result\nassert \"'\\\\x616263'\" == \"'\\\\x61\\\\x62\\\\x63'\"\n  - '\\x61\\x62\\x63'\n  ?      --  --\n  + '\\x616263'",
  "statusTrace" : "value = b'abc', result = \"'\\\\x61\\\\x62\\\\x63'\"\n\n    @mark.parametrize(\n        \"value,result\",\n        [  # Strings\n            (\"\", \"''\"),\n            (\"abcd\", \"'abcd'\"),\n            (\"test' OR '1' == '1\", \"'test\\\\' OR \\\\'1\\\\' == \\\\'1'\"),\n            (\"test\\\\\", \"'test\\\\\\\\'\"),\n            (\"some\\0value\", \"'some\\\\0value'\"),\n            # Numbers\n            (1, \"1\"),\n            (1.123, \"1.123\"),\n            (Decimal(\"1.123\"), \"1.123\"),\n            (Decimal(1.123), \"1.1229999999999999982236431605997495353221893310546875\"),\n            (True, \"true\"),\n            (False, \"false\"),\n            # Date, datetime\n            (date(2022, 1, 10), \"'2022-01-10'\"),\n            (datetime(2022, 1, 10, 1, 1, 1), \"'2022-01-10 01:01:01'\"),\n            (\n                datetime(2022, 1, 10, 1, 1, 1, tzinfo=timezone(timedelta(hours=1))),\n                \"'2022-01-10 00:01:01'\",\n            ),\n            # List, tuple\n            ([], \"[]\"),\n            ([1, 2, 3], \"[1, 2, 3]\"),\n            ((\"a\", \"b\", \"c\"), \"['a', 'b', 'c']\"),\n            # None\n            (None, \"NULL\"),\n            # Bytea\n            (b\"abc\", \"'\\\\x61\\\\x62\\\\x63'\"),\n        ],\n    )\n    def test_format_value(value: str, result: str) -> None:\n>       assert format_value(value) == result, \"Invalid format_value result\"\nE       AssertionError: Invalid format_value result\nE       assert \"'\\\\x616263'\" == \"'\\\\x61\\\\x62\\\\x63'\"\nE         - '\\x61\\x62\\x63'\nE         ?      --  --\nE         + '\\x616263'\n\n/home/runner/work/firebolt-python-sdk/firebolt-python-sdk/tests/unit/common/test_typing_format.py:57: AssertionError",
  "flaky" : false,
  "newFailed" : false,
  "beforeStages" : [ {
    "name" : "global_fake_fs",
    "time" : {
      "start" : 1709725847335,
      "stop" : 1709725847337,
      "duration" : 2
    },
    "status" : "passed",
    "steps" : [ ],
    "attachments" : [ ],
    "parameters" : [ ],
    "stepsCount" : 0,
    "attachmentsCount" : 0,
    "shouldDisplayMessage" : false,
    "hasContent" : false
  } ],
  "afterStages" : [ {
    "name" : "global_fake_fs::0",
    "time" : {
      "start" : 1709725847354,
      "stop" : 1709725847355,
      "duration" : 1
    },
    "status" : "passed",
    "steps" : [ ],
    "attachments" : [ ],
    "parameters" : [ ],
    "stepsCount" : 0,
    "attachmentsCount" : 0,
    "shouldDisplayMessage" : false,
    "hasContent" : false
  } ],
  "labels" : [ {
    "name" : "parentSuite",
    "value" : "tests.unit.common"
  }, {
    "name" : "suite",
    "value" : "test_typing_format"
  }, {
    "name" : "host",
    "value" : "fv-az888-263"
  }, {
    "name" : "thread",
    "value" : "2313-MainThread"
  }, {
    "name" : "framework",
    "value" : "pytest"
  }, {
    "name" : "language",
    "value" : "cpython3"
  }, {
    "name" : "package",
    "value" : "tests.unit.common.test_typing_format"
  }, {
    "name" : "resultFormat",
    "value" : "allure2"
  } ],
  "parameters" : [ {
    "name" : "result",
    "value" : "''\\x61\\x62\\x63''"
  }, {
    "name" : "value",
    "value" : "<class 'bytes'>"
  } ],
  "links" : [ ],
  "hidden" : false,
  "retry" : false,
  "extra" : {
    "severity" : "normal",
    "retries" : [ ],
    "categories" : [ {
      "name" : "Product defects",
      "matchedStatuses" : [ ],
      "flaky" : false
    } ],
    "tags" : [ ]
  },
  "source" : "5874ac89ebdbbded.json",
  "parameterValues" : [ "''\\x61\\x62\\x63''", "<class 'bytes'>" ]
}