{"uid":"f373f9161b7959d4","name":"test_database_switching_with_same_engine_preserves_database_context[remote]","fullName":"tests.integration.dbapi.async.V2.test_queries_async#test_database_switching_with_same_engine_preserves_database_context","historyId":"25603362edd2bd1936acbf3d429cd73c","time":{"start":1764012558200,"stop":1764012558739,"duration":539},"description":"\n    Async integration test for database context preservation with caching on Firebolt.\n\n    This test verifies against a live Firebolt instance:\n    1. Connect with database1 + engine1 (cache entry created)\n    2. Connect with database2 + engine1 (should add database2 to cache)\n    3. Cursors from second connection should have database2, not database1\n    ","descriptionHtml":"<pre><code>Async integration test for database context preservation with caching on Firebolt.\n\nThis test verifies against a live Firebolt instance:\n1. Connect with database1 + engine1 (cache entry created)\n2. Connect with database2 + engine1 (should add database2 to cache)\n3. Cursors from second connection should have database2, not database1\n</code></pre>\n","status":"broken","statusMessage":"exceptiongroup.ExceptionGroup: Exceptions from Trio nursery (1 sub-exception)","statusTrace":"+ Exception Group Traceback (most recent call last):\n  |   File \"/opt/hostedtoolcache/Python/3.9.25/x64/lib/python3.9/site-packages/trio/_core/_run.py\", line 1125, in __aexit__\n  |     raise combined_error_from_nursery\n  | exceptiongroup.ExceptionGroup: Exceptions from Trio nursery (1 sub-exception)\n  +-+---------------- 1 ----------------\n    | Traceback (most recent call last):\n    |   File \"/opt/hostedtoolcache/Python/3.9.25/x64/lib/python3.9/site-packages/pytest_trio/plugin.py\", line 195, in _fixture_manager\n    |     yield nursery_fixture\n    |   File \"/opt/hostedtoolcache/Python/3.9.25/x64/lib/python3.9/site-packages/pytest_trio/plugin.py\", line 250, in run\n    |     await self._func(**resolved_kwargs)\n    |   File \"/home/runner/work/firebolt-python-sdk/firebolt-python-sdk/tests/integration/dbapi/async/V2/test_queries_async.py\", line 1219, in test_database_switching_with_same_engine_preserves_database_context\n    |     async with await connection_factory(database=first_db_name) as connection1:\n    |   File \"/home/runner/work/firebolt-python-sdk/firebolt-python-sdk/tests/integration/dbapi/async/V2/conftest.py\", line 48, in factory\n    |     return await connect(**base_kwargs, **kwargs)\n    | TypeError: firebolt.async_db.connection.connect() got multiple values for keyword argument 'database'\n    +------------------------------------","flaky":false,"newFailed":false,"newBroken":false,"newPassed":false,"retriesCount":0,"retriesStatusChange":false,"beforeStages":[{"name":"database_name","time":{"start":1764012544848,"stop":1764012544848,"duration":0},"status":"passed","steps":[],"attachments":[],"parameters":[],"stepsCount":0,"shouldDisplayMessage":false,"attachmentsCount":0,"hasContent":false,"attachmentStep":false},{"name":"insert_assert_add_to_builtins","time":{"start":1764012544848,"stop":1764012544848,"duration":0},"status":"passed","steps":[],"attachments":[],"parameters":[],"stepsCount":0,"shouldDisplayMessage":false,"attachmentsCount":0,"hasContent":false,"attachmentStep":false},{"name":"insert_assert_session","time":{"start":1764012544848,"stop":1764012544848,"duration":0},"status":"passed","steps":[],"attachments":[],"parameters":[],"stepsCount":0,"shouldDisplayMessage":false,"attachmentsCount":0,"hasContent":false,"attachmentStep":false},{"name":"pytestconfig","time":{"start":1764012544848,"stop":1764012544848,"duration":0},"status":"passed","steps":[],"attachments":[],"parameters":[],"stepsCount":0,"shouldDisplayMessage":false,"attachmentsCount":0,"hasContent":false,"attachmentStep":false},{"name":"service_secret","time":{"start":1764012544849,"stop":1764012544849,"duration":0},"status":"passed","steps":[],"attachments":[],"parameters":[],"stepsCount":0,"shouldDisplayMessage":false,"attachmentsCount":0,"hasContent":false,"attachmentStep":false},{"name":"service_id","time":{"start":1764012544849,"stop":1764012544849,"duration":0},"status":"passed","steps":[],"attachments":[],"parameters":[],"stepsCount":0,"shouldDisplayMessage":false,"attachmentsCount":0,"hasContent":false,"attachmentStep":false},{"name":"account_name","time":{"start":1764012544849,"stop":1764012544849,"duration":0},"status":"passed","steps":[],"attachments":[],"parameters":[],"stepsCount":0,"shouldDisplayMessage":false,"attachmentsCount":0,"hasContent":false,"attachmentStep":false},{"name":"auth","time":{"start":1764012544850,"stop":1764012545002,"duration":152},"status":"passed","steps":[],"attachments":[],"parameters":[],"stepsCount":0,"shouldDisplayMessage":false,"attachmentsCount":0,"hasContent":false,"attachmentStep":false},{"name":"api_endpoint","time":{"start":1764012545002,"stop":1764012545002,"duration":0},"status":"passed","steps":[],"attachments":[],"parameters":[],"stepsCount":0,"shouldDisplayMessage":false,"attachmentsCount":0,"hasContent":false,"attachmentStep":false},{"name":"engine_name","time":{"start":1764012545722,"stop":1764012545722,"duration":0},"status":"passed","steps":[],"attachments":[],"parameters":[],"stepsCount":0,"shouldDisplayMessage":false,"attachmentsCount":0,"hasContent":false,"attachmentStep":false},{"name":"core_url","time":{"start":1764012545722,"stop":1764012545722,"duration":0},"status":"passed","steps":[],"attachments":[],"parameters":[],"stepsCount":0,"shouldDisplayMessage":false,"attachmentsCount":0,"hasContent":false,"attachmentStep":false},{"name":"core_auth","time":{"start":1764012545722,"stop":1764012545722,"duration":0},"status":"passed","steps":[],"attachments":[],"parameters":[],"stepsCount":0,"shouldDisplayMessage":false,"attachmentsCount":0,"hasContent":false,"attachmentStep":false},{"name":"connection_factory","time":{"start":1764012558199,"stop":1764012558200,"duration":1},"status":"passed","steps":[],"attachments":[],"parameters":[],"stepsCount":0,"shouldDisplayMessage":false,"attachmentsCount":0,"hasContent":false,"attachmentStep":false},{"name":"insert_assert_maybe_fail","time":{"start":1764012558199,"stop":1764012558199,"duration":0},"status":"passed","steps":[],"attachments":[],"parameters":[],"stepsCount":0,"shouldDisplayMessage":false,"attachmentsCount":0,"hasContent":false,"attachmentStep":false}],"afterStages":[{"name":"insert_assert_maybe_fail::0","time":{"start":1764012558741,"stop":1764012558742,"duration":1},"status":"passed","steps":[],"attachments":[],"parameters":[],"stepsCount":0,"shouldDisplayMessage":false,"attachmentsCount":0,"hasContent":false,"attachmentStep":false},{"name":"insert_assert_session::0","time":{"start":1764012833898,"stop":1764012833898,"duration":0},"status":"passed","steps":[],"attachments":[],"parameters":[],"stepsCount":0,"shouldDisplayMessage":false,"attachmentsCount":0,"hasContent":false,"attachmentStep":false}],"labels":[{"name":"parentSuite","value":"tests.integration.dbapi.async.V2"},{"name":"suite","value":"test_queries_async"},{"name":"host","value":"runnervmg1sw1"},{"name":"thread","value":"2584-MainThread"},{"name":"framework","value":"pytest"},{"name":"language","value":"cpython3"},{"name":"package","value":"tests.integration.dbapi.async.V2.test_queries_async"},{"name":"resultFormat","value":"allure2"}],"parameters":[{"name":"connection_factory","value":"'remote'"}],"links":[],"hidden":false,"retry":false,"extra":{"severity":"normal","retries":[],"categories":[{"name":"Test defects","matchedStatuses":[],"flaky":false}],"tags":[]},"source":"f373f9161b7959d4.json","parameterValues":["'remote'"]}